<?xml version="1.0" encoding="UTF-8"?>
<testsuite xmlns:xsi="http://www.w3.org/2001/XMLSchema-instance" xsi:noNamespaceSchemaLocation="https://maven.apache.org/surefire/maven-surefire-plugin/xsd/surefire-test-report-3.0.xsd" version="3.0" name="com.example.day1.users.UserControllerFailureTest" time="2.253" tests="1" errors="0" skipped="0" failures="0">
  <properties>
[...]
</properties>
  <testcase name="createUserWithDuplicateFirstname" classname="com.example.day1.users.UserControllerFailureTest" time="0.19">
    <system-out><![CDATA[16:22:18.646 [main] INFO org.springframework.test.context.support.AnnotationConfigContextLoaderUtils -- Could not detect default configuration classes for test class [com.example.day1.users.UserControllerFailureTest]: UserControllerFailureTest does not declare any static, non-private, non-final, nested classes annotated with @Configuration.
16:22:18.716 [main] INFO org.springframework.boot.test.context.SpringBootTestContextBootstrapper -- Found @SpringBootConfiguration com.example.day1.Day1Application for test class com.example.day1.users.UserControllerFailureTest

  .   ____          _            __ _ _
 /\\ / ___'_ __ _ _(_)_ __  __ _ \ \ \ \
( ( )\___ | '_ | '_| | '_ \/ _` | \ \ \ \
 \\/  ___)| |_)| | | | | || (_| |  ) ) ) )
  '  |____| .__|_| |_|_| |_\__, | / / / /
 =========|_|==============|___/=/_/_/_/
 :: Spring Boot ::                (v3.1.2)

2023-07-27T16:22:18.913+07:00  INFO 13475 --- [           main] c.e.d.users.UserControllerFailureTest    : Starting UserControllerFailureTest using Java 20.0.1 with PID 13475 (started by surakiat in /Users/surakiat/Developer/Java/java-spring-workshop/day1)
2023-07-27T16:22:18.914+07:00  INFO 13475 --- [           main] c.e.d.users.UserControllerFailureTest    : No active profile set, falling back to 1 default profile: "default"
2023-07-27T16:22:19.222+07:00  INFO 13475 --- [           main] .s.d.r.c.RepositoryConfigurationDelegate : Bootstrapping Spring Data JPA repositories in DEFAULT mode.
2023-07-27T16:22:19.245+07:00  INFO 13475 --- [           main] .s.d.r.c.RepositoryConfigurationDelegate : Finished Spring Data repository scanning in 20 ms. Found 1 JPA repository interfaces.
2023-07-27T16:22:19.518+07:00  INFO 13475 --- [           main] o.s.b.w.embedded.tomcat.TomcatWebServer  : Tomcat initialized with port(s): 0 (http)
2023-07-27T16:22:19.523+07:00  INFO 13475 --- [           main] o.apache.catalina.core.StandardService   : Starting service [Tomcat]
2023-07-27T16:22:19.523+07:00  INFO 13475 --- [           main] o.apache.catalina.core.StandardEngine    : Starting Servlet engine: [Apache Tomcat/10.1.11]
2023-07-27T16:22:19.571+07:00  INFO 13475 --- [           main] o.a.c.c.C.[Tomcat].[localhost].[/]       : Initializing Spring embedded WebApplicationContext
2023-07-27T16:22:19.572+07:00  INFO 13475 --- [           main] w.s.c.ServletWebServerApplicationContext : Root WebApplicationContext: initialization completed in 648 ms
2023-07-27T16:22:19.634+07:00  INFO 13475 --- [           main] com.zaxxer.hikari.HikariDataSource       : HikariPool-1 - Starting...
2023-07-27T16:22:19.733+07:00  INFO 13475 --- [           main] com.zaxxer.hikari.pool.HikariPool        : HikariPool-1 - Added connection conn0: url=jdbc:h2:mem:30aa86ed-bc6e-4391-97a1-3a9e1b7c5b24 user=SA
2023-07-27T16:22:19.734+07:00  INFO 13475 --- [           main] com.zaxxer.hikari.HikariDataSource       : HikariPool-1 - Start completed.
2023-07-27T16:22:19.758+07:00  INFO 13475 --- [           main] o.hibernate.jpa.internal.util.LogHelper  : HHH000204: Processing PersistenceUnitInfo [name: default]
2023-07-27T16:22:19.782+07:00  INFO 13475 --- [           main] org.hibernate.Version                    : HHH000412: Hibernate ORM core version 6.2.6.Final
2023-07-27T16:22:19.783+07:00  INFO 13475 --- [           main] org.hibernate.cfg.Environment            : HHH000406: Using bytecode reflection optimizer
2023-07-27T16:22:19.840+07:00  INFO 13475 --- [           main] o.h.b.i.BytecodeProviderInitiator        : HHH000021: Bytecode provider name : bytebuddy
2023-07-27T16:22:19.843+07:00  INFO 13475 --- [           main] o.s.o.j.p.SpringPersistenceUnitInfo      : No LoadTimeWeaver setup: ignoring JPA class transformer
2023-07-27T16:22:19.933+07:00  INFO 13475 --- [           main] o.h.b.i.BytecodeProviderInitiator        : HHH000021: Bytecode provider name : bytebuddy
2023-07-27T16:22:20.135+07:00  INFO 13475 --- [           main] o.h.e.t.j.p.i.JtaPlatformInitiator       : HHH000490: Using JtaPlatform implementation: [org.hibernate.engine.transaction.jta.platform.internal.NoJtaPlatform]
Hibernate: drop table if exists tbl_user cascade 
Hibernate: create table tbl_user (id integer not null, first_name varchar(255), last_name varchar(255), primary key (id))
2023-07-27T16:22:20.153+07:00  INFO 13475 --- [           main] j.LocalContainerEntityManagerFactoryBean : Initialized JPA EntityManagerFactory for persistence unit 'default'
2023-07-27T16:22:20.372+07:00  WARN 13475 --- [           main] JpaBaseConfiguration$JpaWebConfiguration : spring.jpa.open-in-view is enabled by default. Therefore, database queries may be performed during view rendering. Explicitly configure spring.jpa.open-in-view to disable this warning
2023-07-27T16:22:20.616+07:00  INFO 13475 --- [           main] o.s.b.w.embedded.tomcat.TomcatWebServer  : Tomcat started on port(s): 56995 (http) with context path ''
2023-07-27T16:22:20.622+07:00  INFO 13475 --- [           main] c.e.d.users.UserControllerFailureTest    : Started UserControllerFailureTest in 1.849 seconds (process running for 3.012)
2023-07-27T16:22:20.632+07:00 DEBUG 13475 --- [           main] o.h.e.t.internal.TransactionImpl         : On TransactionImpl creation, JpaCompliance#isJpaTransactionComplianceEnabled == false
2023-07-27T16:22:20.632+07:00 DEBUG 13475 --- [           main] o.h.e.t.internal.TransactionImpl         : begin
Hibernate: select u1_0.id,u1_0.first_name,u1_0.last_name from tbl_user u1_0
2023-07-27T16:22:20.692+07:00 DEBUG 13475 --- [           main] o.h.e.t.internal.TransactionImpl         : committing
2023-07-27T16:22:20.693+07:00 DEBUG 13475 --- [           main] o.h.e.t.internal.TransactionImpl         : On TransactionImpl creation, JpaCompliance#isJpaTransactionComplianceEnabled == false
2023-07-27T16:22:20.693+07:00 DEBUG 13475 --- [           main] o.h.e.t.internal.TransactionImpl         : begin
Hibernate: select u1_0.id,u1_0.first_name,u1_0.last_name from tbl_user u1_0 where u1_0.id=?
2023-07-27T16:22:20.702+07:00 DEBUG 13475 --- [           main] o.h.e.t.internal.TransactionImpl         : committing
Hibernate: insert into tbl_user (first_name,last_name,id) values (?,?,?)
2023-07-27T16:22:20.709+07:00 DEBUG 13475 --- [           main] o.h.e.t.internal.TransactionImpl         : On TransactionImpl creation, JpaCompliance#isJpaTransactionComplianceEnabled == false
2023-07-27T16:22:20.709+07:00 DEBUG 13475 --- [           main] o.h.e.t.internal.TransactionImpl         : begin
Hibernate: select u1_0.id,u1_0.first_name,u1_0.last_name from tbl_user u1_0 where u1_0.id=?
2023-07-27T16:22:20.709+07:00 DEBUG 13475 --- [           main] o.h.e.t.internal.TransactionImpl         : committing
Hibernate: insert into tbl_user (first_name,last_name,id) values (?,?,?)
2023-07-27T16:22:20.710+07:00 DEBUG 13475 --- [           main] o.h.e.t.internal.TransactionImpl         : On TransactionImpl creation, JpaCompliance#isJpaTransactionComplianceEnabled == false
2023-07-27T16:22:20.710+07:00 DEBUG 13475 --- [           main] o.h.e.t.internal.TransactionImpl         : begin
Hibernate: select u1_0.id,u1_0.first_name,u1_0.last_name from tbl_user u1_0 where u1_0.id=?
2023-07-27T16:22:20.710+07:00 DEBUG 13475 --- [           main] o.h.e.t.internal.TransactionImpl         : committing
Hibernate: insert into tbl_user (first_name,last_name,id) values (?,?,?)
2023-07-27T16:22:20.771+07:00  INFO 13475 --- [o-auto-1-exec-1] o.a.c.c.C.[Tomcat].[localhost].[/]       : Initializing Spring DispatcherServlet 'dispatcherServlet'
2023-07-27T16:22:20.771+07:00  INFO 13475 --- [o-auto-1-exec-1] o.s.web.servlet.DispatcherServlet        : Initializing Servlet 'dispatcherServlet'
2023-07-27T16:22:20.772+07:00  INFO 13475 --- [o-auto-1-exec-1] o.s.web.servlet.DispatcherServlet        : Completed initialization in 1 ms
Hibernate: select u1_0.id,u1_0.first_name,u1_0.last_name from tbl_user u1_0 where u1_0.first_name=?
2023-07-27T16:22:20.810+07:00 DEBUG 13475 --- [           main] o.h.e.t.internal.TransactionImpl         : On TransactionImpl creation, JpaCompliance#isJpaTransactionComplianceEnabled == false
2023-07-27T16:22:20.810+07:00 DEBUG 13475 --- [           main] o.h.e.t.internal.TransactionImpl         : begin
Hibernate: select u1_0.id,u1_0.first_name,u1_0.last_name from tbl_user u1_0
2023-07-27T16:22:20.813+07:00 DEBUG 13475 --- [           main] o.h.e.t.internal.TransactionImpl         : committing
Hibernate: delete from tbl_user where id=?
Hibernate: delete from tbl_user where id=?
Hibernate: delete from tbl_user where id=?
]]></system-out>
  </testcase>
</testsuite>