<?xml version="1.0" encoding="UTF-8"?>
<testsuite xmlns:xsi="http://www.w3.org/2001/XMLSchema-instance" xsi:noNamespaceSchemaLocation="https://maven.apache.org/surefire/maven-surefire-plugin/xsd/surefire-test-report-3.0.xsd" version="3.0" name="com.example.day1.users.UserControllerFailureWithoutDBTest" time="0.262" tests="1" errors="0" skipped="0" failures="0">
  <properties>
[...]
</properties>
  <testcase name="createUserWithDuplicateFirstname" classname="com.example.day1.users.UserControllerFailureWithoutDBTest" time="0.008">
    <system-out><![CDATA[2023-07-27T16:22:21.276+07:00  INFO 13475 --- [           main] t.c.s.AnnotationConfigContextLoaderUtils : Could not detect default configuration classes for test class [com.example.day1.users.UserControllerFailureWithoutDBTest]: UserControllerFailureWithoutDBTest does not declare any static, non-private, non-final, nested classes annotated with @Configuration.
2023-07-27T16:22:21.277+07:00  INFO 13475 --- [           main] .b.t.c.SpringBootTestContextBootstrapper : Found @SpringBootConfiguration com.example.day1.Day1Application for test class com.example.day1.users.UserControllerFailureWithoutDBTest

  .   ____          _            __ _ _
 /\\ / ___'_ __ _ _(_)_ __  __ _ \ \ \ \
( ( )\___ | '_ | '_| | '_ \/ _` | \ \ \ \
 \\/  ___)| |_)| | | | | || (_| |  ) ) ) )
  '  |____| .__|_| |_|_| |_\__, | / / / /
 =========|_|==============|___/=/_/_/_/
 :: Spring Boot ::                (v3.1.2)

2023-07-27T16:22:21.287+07:00  INFO 13475 --- [           main] e.d.u.UserControllerFailureWithoutDBTest : Starting UserControllerFailureWithoutDBTest using Java 20.0.1 with PID 13475 (started by surakiat in /Users/surakiat/Developer/Java/java-spring-workshop/day1)
2023-07-27T16:22:21.287+07:00  INFO 13475 --- [           main] e.d.u.UserControllerFailureWithoutDBTest : No active profile set, falling back to 1 default profile: "default"
2023-07-27T16:22:21.366+07:00  INFO 13475 --- [           main] .s.d.r.c.RepositoryConfigurationDelegate : Bootstrapping Spring Data JPA repositories in DEFAULT mode.
2023-07-27T16:22:21.369+07:00  INFO 13475 --- [           main] .s.d.r.c.RepositoryConfigurationDelegate : Finished Spring Data repository scanning in 2 ms. Found 1 JPA repository interfaces.
2023-07-27T16:22:21.404+07:00  INFO 13475 --- [           main] o.s.b.w.embedded.tomcat.TomcatWebServer  : Tomcat initialized with port(s): 0 (http)
2023-07-27T16:22:21.405+07:00  INFO 13475 --- [           main] o.apache.catalina.core.StandardService   : Starting service [Tomcat]
2023-07-27T16:22:21.405+07:00  INFO 13475 --- [           main] o.apache.catalina.core.StandardEngine    : Starting Servlet engine: [Apache Tomcat/10.1.11]
2023-07-27T16:22:21.413+07:00  INFO 13475 --- [           main] o.a.c.c.C.[Tomcat-2].[localhost].[/]     : Initializing Spring embedded WebApplicationContext
2023-07-27T16:22:21.413+07:00  INFO 13475 --- [           main] w.s.c.ServletWebServerApplicationContext : Root WebApplicationContext: initialization completed in 125 ms
2023-07-27T16:22:21.428+07:00  INFO 13475 --- [           main] com.zaxxer.hikari.HikariDataSource       : HikariPool-3 - Starting...
2023-07-27T16:22:21.429+07:00  INFO 13475 --- [           main] com.zaxxer.hikari.pool.HikariPool        : HikariPool-3 - Added connection conn20: url=jdbc:h2:mem:6d922690-c0d2-4564-87b7-708fe1a3b4a7 user=SA
2023-07-27T16:22:21.429+07:00  INFO 13475 --- [           main] com.zaxxer.hikari.HikariDataSource       : HikariPool-3 - Start completed.
2023-07-27T16:22:21.430+07:00  INFO 13475 --- [           main] o.hibernate.jpa.internal.util.LogHelper  : HHH000204: Processing PersistenceUnitInfo [name: default]
2023-07-27T16:22:21.432+07:00  INFO 13475 --- [           main] o.h.b.i.BytecodeProviderInitiator        : HHH000021: Bytecode provider name : bytebuddy
2023-07-27T16:22:21.432+07:00  INFO 13475 --- [           main] o.s.o.j.p.SpringPersistenceUnitInfo      : No LoadTimeWeaver setup: ignoring JPA class transformer
2023-07-27T16:22:21.435+07:00  INFO 13475 --- [           main] o.h.b.i.BytecodeProviderInitiator        : HHH000021: Bytecode provider name : bytebuddy
2023-07-27T16:22:21.443+07:00  INFO 13475 --- [           main] o.h.e.t.j.p.i.JtaPlatformInitiator       : HHH000490: Using JtaPlatform implementation: [org.hibernate.engine.transaction.jta.platform.internal.NoJtaPlatform]
Hibernate: drop table if exists tbl_user cascade 
Hibernate: create table tbl_user (id integer not null, first_name varchar(255), last_name varchar(255), primary key (id))
2023-07-27T16:22:21.445+07:00  INFO 13475 --- [           main] j.LocalContainerEntityManagerFactoryBean : Initialized JPA EntityManagerFactory for persistence unit 'default'
2023-07-27T16:22:21.466+07:00  WARN 13475 --- [           main] JpaBaseConfiguration$JpaWebConfiguration : spring.jpa.open-in-view is enabled by default. Therefore, database queries may be performed during view rendering. Explicitly configure spring.jpa.open-in-view to disable this warning
2023-07-27T16:22:21.525+07:00  INFO 13475 --- [           main] o.s.b.w.embedded.tomcat.TomcatWebServer  : Tomcat started on port(s): 56999 (http) with context path ''
2023-07-27T16:22:21.527+07:00  INFO 13475 --- [           main] e.d.u.UserControllerFailureWithoutDBTest : Started UserControllerFailureWithoutDBTest in 0.248 seconds (process running for 3.917)
2023-07-27T16:22:21.532+07:00  INFO 13475 --- [o-auto-3-exec-1] o.a.c.c.C.[Tomcat-2].[localhost].[/]     : Initializing Spring DispatcherServlet 'dispatcherServlet'
2023-07-27T16:22:21.532+07:00  INFO 13475 --- [o-auto-3-exec-1] o.s.web.servlet.DispatcherServlet        : Initializing Servlet 'dispatcherServlet'
2023-07-27T16:22:21.533+07:00  INFO 13475 --- [o-auto-3-exec-1] o.s.web.servlet.DispatcherServlet        : Completed initialization in 0 ms
]]></system-out>
  </testcase>
</testsuite>